[2026-02-01 11:45:00 UTC] ACTION: Consolidate NOW→RECENT→MEMORY (User Triggered)
  Triggered by: User command "consolidate my memory"
  Files Processed:
    - NOW-2026-02-01T10-30.md (145 lines)
    - NOW-2026-01-31T14-00.md (320 lines, older, GC'd)
  Changes:
    - Appended session summary to RECENT.md (now 3 sessions)
    - RECENT.md: 450 lines → 480 lines
    - Created MEMORY-2026-02-01.md with 2 major sections
    - Updated MEMORY.md index (3 new entries added)
    - Extracted 5 key decisions, 3 discoveries, 2 patterns
    - Deleted old NOW-2026-01-30T09-00.md (GC, >3 days old)
  Tags Generated: [auth, bugfix, api, middleware, testing]

[2026-01-31 18:00:00 UTC] ACTION: Rollover NOW→RECENT (Session End)
  Triggered by: /exit command
  Files Processed:
    - NOW-2026-01-31T14-00.md (320 lines)
  Changes:
    - Added to RECENT.md as session #1
    - RECENT.md: 130 lines → 450 lines (now contains 3 sessions)
    - No MEMORY update (not enough critical mass yet)
  Notes: Long session focused on rate limiting implementation

[2026-01-30 12:30:00 UTC] ACTION: Rollover NOW→RECENT (Session End)
  Triggered by: Ctrl+C (SIGINT)
  Files Processed:
    - NOW-2026-01-30T09-00.md (280 lines)
  Changes:
    - Added to RECENT.md as session #1
    - RECENT.md: Created new file (first session)
  Notes: Initial session, database migration work
